2018-12-19 3:17:57 - PHP Notice:  Undefined index: en-gb in /opt/lampp/htdocs/electrozone/upload/catalog/controller/startup/startup.php on line 109
2018-12-27 8:05:03 - PHP Warning:  file_get_contents(): Filename cannot be empty in /opt/lampp/htdocs/electrozone/upload/system/library/template/Twig/Loader/Filesystem.php on line 131
2019-01-01 13:43:27 - PHP Warning:  unlink(/opt/lampp/htdocs/electrozone/storage/cache/cache.admin.language.1546343324): No such file or directory in /opt/lampp/htdocs/electrozone/upload/system/library/cache/file.php on line 17
2019-01-01 16:26:24 - PHP Warning:  fsockopen(): php_network_getaddresses: getaddrinfo failed: Name or service not known in /opt/lampp/htdocs/electrozone/upload/system/library/mail/smtp.php on line 87
2019-01-01 16:26:24 - PHP Warning:  fsockopen(): unable to connect to :25 (php_network_getaddresses: getaddrinfo failed: Name or service not known) in /opt/lampp/htdocs/electrozone/upload/system/library/mail/smtp.php on line 87
2019-01-01 16:27:58 - PHP Warning:  fsockopen(): php_network_getaddresses: getaddrinfo failed: Name or service not known in /opt/lampp/htdocs/electrozone/upload/system/library/mail/smtp.php on line 87
2019-01-01 16:27:58 - PHP Warning:  fsockopen(): unable to connect to :25 (php_network_getaddresses: getaddrinfo failed: Name or service not known) in /opt/lampp/htdocs/electrozone/upload/system/library/mail/smtp.php on line 87
2019-01-01 16:29:08 - PHP Warning:  fsockopen(): php_network_getaddresses: getaddrinfo failed: Name or service not known in /opt/lampp/htdocs/electrozone/upload/system/library/mail/smtp.php on line 87
2019-01-01 16:29:08 - PHP Warning:  fsockopen(): unable to connect to :25 (php_network_getaddresses: getaddrinfo failed: Name or service not known) in /opt/lampp/htdocs/electrozone/upload/system/library/mail/smtp.php on line 87
2019-01-01 16:29:18 - PHP Warning:  fsockopen(): php_network_getaddresses: getaddrinfo failed: Name or service not known in /opt/lampp/htdocs/electrozone/upload/system/library/mail/smtp.php on line 87
2019-01-01 16:29:18 - PHP Warning:  fsockopen(): unable to connect to :25 (php_network_getaddresses: getaddrinfo failed: Name or service not known) in /opt/lampp/htdocs/electrozone/upload/system/library/mail/smtp.php on line 87
2019-01-01 16:29:19 - PHP Warning:  fsockopen(): php_network_getaddresses: getaddrinfo failed: Name or service not known in /opt/lampp/htdocs/electrozone/upload/system/library/mail/smtp.php on line 87
2019-01-01 16:29:19 - PHP Warning:  fsockopen(): unable to connect to :25 (php_network_getaddresses: getaddrinfo failed: Name or service not known) in /opt/lampp/htdocs/electrozone/upload/system/library/mail/smtp.php on line 87
2019-01-01 16:29:20 - PHP Warning:  fsockopen(): php_network_getaddresses: getaddrinfo failed: Name or service not known in /opt/lampp/htdocs/electrozone/upload/system/library/mail/smtp.php on line 87
2019-01-01 16:29:20 - PHP Warning:  fsockopen(): unable to connect to :25 (php_network_getaddresses: getaddrinfo failed: Name or service not known) in /opt/lampp/htdocs/electrozone/upload/system/library/mail/smtp.php on line 87
2019-01-01 16:29:21 - PHP Warning:  fsockopen(): php_network_getaddresses: getaddrinfo failed: Name or service not known in /opt/lampp/htdocs/electrozone/upload/system/library/mail/smtp.php on line 87
2019-01-01 16:29:21 - PHP Warning:  fsockopen(): unable to connect to :25 (php_network_getaddresses: getaddrinfo failed: Name or service not known) in /opt/lampp/htdocs/electrozone/upload/system/library/mail/smtp.php on line 87
2019-01-01 16:29:21 - PHP Warning:  fsockopen(): php_network_getaddresses: getaddrinfo failed: Name or service not known in /opt/lampp/htdocs/electrozone/upload/system/library/mail/smtp.php on line 87
2019-01-01 16:29:21 - PHP Warning:  fsockopen(): unable to connect to :25 (php_network_getaddresses: getaddrinfo failed: Name or service not known) in /opt/lampp/htdocs/electrozone/upload/system/library/mail/smtp.php on line 87
2019-01-01 16:29:44 - PHP Warning:  fsockopen(): php_network_getaddresses: getaddrinfo failed: Name or service not known in /opt/lampp/htdocs/electrozone/upload/system/library/mail/smtp.php on line 87
2019-01-01 16:29:44 - PHP Warning:  fsockopen(): unable to connect to :25 (php_network_getaddresses: getaddrinfo failed: Name or service not known) in /opt/lampp/htdocs/electrozone/upload/system/library/mail/smtp.php on line 87
2019-01-01 16:58:42 - PHP Warning:  fsockopen(): php_network_getaddresses: getaddrinfo failed: Name or service not known in /opt/lampp/htdocs/electrozone/upload/system/library/mail/smtp.php on line 87
2019-01-01 16:58:42 - PHP Warning:  fsockopen(): unable to connect to smtp.gmail.com :465 (php_network_getaddresses: getaddrinfo failed: Name or service not known) in /opt/lampp/htdocs/electrozone/upload/system/library/mail/smtp.php on line 87
2019-01-01 17:17:16 - PHP Notice:  Undefined variable: handle in /opt/lampp/htdocs/electrozone/upload/system/library/mail/smtp.php on line 89
2019-01-01 17:17:16 - PHP Notice:  Undefined variable: errstr in /opt/lampp/htdocs/electrozone/upload/system/library/mail/smtp.php on line 90
2019-01-01 17:17:16 - PHP Notice:  Undefined variable: errno in /opt/lampp/htdocs/electrozone/upload/system/library/mail/smtp.php on line 90
2019-01-01 17:20:03 - PHP Notice:  Undefined variable: handle in /opt/lampp/htdocs/electrozone/upload/system/library/mail/smtp.php on line 89
2019-01-01 17:20:03 - PHP Notice:  Undefined variable: errstr in /opt/lampp/htdocs/electrozone/upload/system/library/mail/smtp.php on line 90
2019-01-01 17:20:03 - PHP Notice:  Undefined variable: errno in /opt/lampp/htdocs/electrozone/upload/system/library/mail/smtp.php on line 90
2019-01-01 17:29:01 - PHP Warning:  fsockopen(): php_network_getaddresses: getaddrinfo failed: Name or service not known in /opt/lampp/htdocs/electrozone/upload/system/library/mail/smtp.php on line 87
2019-01-01 17:29:01 - PHP Warning:  fsockopen(): unable to connect to smtp.gmail.com :465 (php_network_getaddresses: getaddrinfo failed: Name or service not known) in /opt/lampp/htdocs/electrozone/upload/system/library/mail/smtp.php on line 87
2019-01-01 17:30:18 - PHP Warning:  fsockopen(): php_network_getaddresses: getaddrinfo failed: Name or service not known in /opt/lampp/htdocs/electrozone/upload/system/library/mail/smtp.php on line 87
2019-01-01 17:30:18 - PHP Warning:  fsockopen(): unable to connect to smtp.gmail.com :25 (php_network_getaddresses: getaddrinfo failed: Name or service not known) in /opt/lampp/htdocs/electrozone/upload/system/library/mail/smtp.php on line 87
2019-01-01 17:35:51 - PHP Warning:  fsockopen(): php_network_getaddresses: getaddrinfo failed: Name or service not known in /opt/lampp/htdocs/electrozone/upload/system/library/mail/smtp.php on line 87
2019-01-01 17:35:51 - PHP Warning:  fsockopen(): unable to connect to smtp.gmail.com :465 (php_network_getaddresses: getaddrinfo failed: Name or service not known) in /opt/lampp/htdocs/electrozone/upload/system/library/mail/smtp.php on line 87
2019-01-01 22:02:03 - PHP Warning:  fsockopen(): php_network_getaddresses: getaddrinfo failed: Name or service not known in /opt/lampp/htdocs/electrozone/upload/system/library/mail/smtp.php on line 87
2019-01-01 22:02:03 - PHP Warning:  fsockopen(): unable to connect to smtp.gmail.com :465 (php_network_getaddresses: getaddrinfo failed: Name or service not known) in /opt/lampp/htdocs/electrozone/upload/system/library/mail/smtp.php on line 87
2019-01-02 4:03:35 - PHP Warning:  fsockopen(): php_network_getaddresses: getaddrinfo failed: Name or service not known in /opt/lampp/htdocs/electrozone/upload/system/library/mail/smtp.php on line 87
2019-01-02 4:03:35 - PHP Warning:  fsockopen(): unable to connect to smtp.gmail.com :465 (php_network_getaddresses: getaddrinfo failed: Name or service not known) in /opt/lampp/htdocs/electrozone/upload/system/library/mail/smtp.php on line 87
